/usr/bin/make all OMP=1 --print-data-base --no-builtin-variables --no-builtin-rules --question
# GNU Make 4.2.1
# Built for x86_64-pc-linux-gnu
# Copyright (C) 1988-2016 Free Software Foundation, Inc.
# License GPLv3+: GNU GPL version 3 or later <http://gnu.org/licenses/gpl.html>
# This is free software: you are free to change and redistribute it.
# There is NO WARRANTY, to the extent permitted by law.

# Make data base, printed on Thu Sep 16 23:33:05 2021

# Variables

# 'override' directive
GNUMAKEFLAGS := 
# automatic
<D = $(patsubst %/,%,$(dir $<))
# automatic
?F = $(notdir $?)
# environment
PAPERSIZE = a4
# environment
DESKTOP_SESSION = ubuntu
# automatic
-*-command-variables-*- := OMP=1
# default
.SHELLFLAGS := -c
# environment
XDG_SESSION_CLASS = user
# environment
SNAP_COMMON = /var/snap/code/common
# environment
XDG_SESSION_TYPE = x11
# environment
VSCODE_LOG_NATIVE = false
# makefile (from 'makefile', line 37)
TARGET = $(BIN_DIR)/film_grain_rendering_main
# automatic
?D = $(patsubst %/,%,$(dir $?))
# environment
IM_CONFIG_PHASE = 1
# automatic
@D = $(patsubst %/,%,$(dir $@))
# environment
XAUTHORITY = /run/user/1500/gdm/Xauthority
# environment
GDMSESSION = ubuntu
# environment
XMODIFIERS = @im=ibus
# makefile
CURDIR := /home/laurent/Documents/Projects/CPP/film_grain_rendering
# makefile
SHELL = /bin/sh
# environment
SNAP_DATA = /var/snap/code/74
# environment
VSCODE_NLS_CONFIG = {"locale":"en-us","availableLanguages":{},"_languagePackSupport":true}
# environment
JOURNAL_STREAM = 9:61517
# environment
XDG_CONFIG_DIRS = /etc/xdg/xdg-ubuntu:/etc/xdg
# environment
SNAP_INSTANCE_NAME = code
# environment
SNAP_ARCH = amd64
# makefile (from 'makefile', line 1)
MAKEFILE_LIST :=  makefile
# automatic
@F = $(notdir $@)
# environment
GIO_LAUNCHED_DESKTOP_FILE = /var/lib/snapd/desktop/applications/code_code.desktop
# environment
USERNAME = laurent
# makefile (from 'makefile', line 4)
OBJ_DIR = obj_$(OS)
# makefile (from 'makefile', line 16)
CXXFLAGS = -std=c++11 -Wall -Wextra -g  -fopenmp
# environment
MAKELEVEL := 0
# environment
XDG_DATA_DIRS = /usr/share/ubuntu:/home/laurent/.local/share/flatpak/exports/share:/var/lib/flatpak/exports/share:/usr/local/share/:/usr/share/:/var/lib/snapd/desktop
# environment
DBUS_SESSION_BUS_ADDRESS = unix:path=/run/user/1500/bus
# environment
VSCODE_VERBOSE_LOGGING = true
# environment
_ = /snap/code/74/usr/share/code/code
# environment
MANAGERPID = 2153
# environment
LESSOPEN = | /usr/bin/lesspipe %s
# environment
LC_NAME = de_DE.UTF-8
# environment
VSCODE_CWD = /home/laurent
# environment
GSETTINGS_SCHEMA_DIR = /snap/code/74/usr/share/glib-2.0/schemas
# default
MAKE_HOST := x86_64-pc-linux-gnu
# makefile (from 'makefile', line 34)
OBJ_FILES = $(addprefix $(OBJ_DIR)/,$(addsuffix .o, $(SRC_FILES)))
# environment
PATH = /home/laurent/.nimble/bin:/home/laurent/.local/bin:/home/laurent/bin:/home/laurent/.nimble/bin:/home/laurent/.local/bin:/home/laurent/bin:/usr/local/sbin:/usr/local/bin:/usr/sbin:/usr/bin:/sbin:/bin:/usr/games:/usr/local/games:/snap/bin
# environment
GPG_AGENT_INFO = /run/user/1500/gnupg/S.gpg-agent:0:1
# environment
SESSION_MANAGER = local/lx0022:@/tmp/.ICE-unix/2452,unix/lx0022:/tmp/.ICE-unix/2452
# environment
XDG_RUNTIME_DIR = /run/user/1500
# environment
GDK_PIXBUF_MODULE_FILE = /home/laurent/snap/code/common/.cache/gdk-pixbuf-loaders.cache
# environment
SNAP = /snap/code/74
# environment
SNAP_VERSION = 83bd43bc
# environment
XDG_MENU_PREFIX = gnome-
# environment
VSCODE_LOG_STACK = false
# environment
DISABLE_WAYLAND = 1
# environment
VSCODE_CRASH_REPORTER_START_OPTIONS = {"companyName":"Microsoft","productName":"VSCode","submitURL":"appcenter://code?aid=fba07a4d-84bd-4fc8-a125-9640fc8ce171&uid=a82a52e4-68e3-49ac-80d8-c6f06b8cf33e&iid=a82a52e4-68e3-49ac-80d8-c6f06b8cf33e&sid=a82a52e4-68e3-49ac-80d8-c6f06b8cf33e","uploadToServer":true}
# environment
INVOCATION_ID = 19385d13f1ff4df3911e4756bc4bde9b
# makefile (from 'makefile', line 17)
LDFLAGS = -lopencv_highgui -lopencv_imgcodecs -lopencv_imgproc -lopencv_core -lgomp
# environment
GDK_PIXBUF_MODULEDIR = /snap/code/74/usr/lib/x86_64-linux-gnu/gdk-pixbuf-2.0/2.10.0/loaders
# default
.FEATURES := target-specific order-only second-expansion else-if shortest-stem undefine oneshell archives jobserver output-sync check-symlink load
# environment
LS_COLORS = 
# environment
XDG_SESSION_DESKTOP = ubuntu
# environment
SSH_AUTH_SOCK = /run/user/1500/keyring/ssh
# environment
GIO_LAUNCHED_DESKTOP_FILE_PID = 37965
# automatic
%F = $(notdir $%)
# environment
DISPLAY = :0
# environment
VSCODE_PIPE_LOGGING = true
# environment
SNAP_INSTANCE_KEY = 
# environment
PWD = /home/laurent/Documents/Projects/CPP/film_grain_rendering
# default
.LOADED := 
# environment
SSH_AGENT_PID = 2391
# environment
ORIGINAL_XDG_CURRENT_DESKTOP = ubuntu:GNOME
# makefile (from 'makefile', line 5)
SRC_DIR = src
# environment
GTK_MODULES = gail:atk-bridge
# environment
VSCODE_AMD_ENTRYPOINT = vs/workbench/services/extensions/node/extensionHostProcess
# environment
HOME = /home/laurent
# environment
LESSCLOSE = /usr/bin/lesspipe %s %s
# environment
VSCODE_CLI = 1
# environment
VSCODE_CODE_CACHE_PATH = /home/laurent/.config/Code/CachedData/83bd43bc519d15e50c4272c6cf5c1479df196a4d
# environment
LOGNAME = laurent
# environment
APPLICATION_INSIGHTS_NO_DIAGNOSTIC_CHANNEL = true
# environment
SNAP_LIBRARY_PATH = /var/lib/snapd/lib/gl:/var/lib/snapd/lib/gl32:/var/lib/snapd/void
# environment
SNAP_CONTEXT = IJVgEBfHyjdm6nDVmoEEJcwJ08ulgTeAWjm7B7nLGwc9NIv2SK-R
# automatic
+F = $(notdir $+)
# environment
ELECTRON_NO_ATTACH_CONSOLE = 1
# environment
SNAP_USER_COMMON = /home/laurent/snap/code/common
# environment
VSCODE_HANDLES_UNCAUGHT_ERRORS = true
# environment
GNOME_DESKTOP_SESSION_ID = this-is-deprecated
# automatic
^D = $(patsubst %/,%,$(dir $^))
# environment
LC_TIME = de_DE.UTF-8
# environment
SNAP_REAL_HOME = /home/laurent
# default
MAKE = $(MAKE_COMMAND)
# default
MAKECMDGOALS := all
# environment
QT_IM_MODULE = ibus
# environment
SNAP_USER_DATA = /home/laurent/snap/code/74
# environment
SHLVL = 0
# environment
MAKEOVERRIDES = ${-*-command-variables-*-}
# environment
GNOME_SHELL_SESSION_MODE = ubuntu
# environment
VSCODE_IPC_HOOK_EXTHOST = /run/user/1500/vscode-ipc-a5b38edf-68b8-4226-a169-a6f42a61ea76.sock
# default
MAKE_VERSION := 4.2.1
# environment
USER = laurent
# environment
SNAP_REVISION = 74
# environment
LC_MONETARY = de_DE.UTF-8
# makefile
.DEFAULT_GOAL := all
# environment
XDG_CURRENT_DESKTOP = Unity
# environment
LIBVIRT_DEFAULT_URI = qemu:///system
# automatic
%D = $(patsubst %/,%,$(dir $%))
# environment
LC_TELEPHONE = de_DE.UTF-8
# default
MAKE_COMMAND := /usr/bin/make
# default
.VARIABLES := 
# automatic
*F = $(notdir $*)
# environment
LANGUAGE = en_US:en
# makefile (from 'makefile', line 2)
OS = $(shell uname)
# environment
VSCODE_IPC_HOOK = /run/user/1500/vscode-243f92f2-1.60.1-main.sock
# environment
BAMF_DESKTOP_FILE_HINT = /var/lib/snapd/desktop/applications/code_code.desktop
# makefile
MAKEFLAGS = pqrR -- $(MAKEOVERRIDES)
# makefile (from 'makefile', line 18)
CXXOPT = -O2 -ftree-vectorize -funroll-loops
# environment
MFLAGS = -pqrR
# automatic
*D = $(patsubst %/,%,$(dir $*))
# environment
BREAKPAD_DUMP_LOCATION = /home/laurent/.config/Code/exthost Crash Reports
# automatic
+D = $(patsubst %/,%,$(dir $+))
# environment
GDK_BACKEND = x11
# environment
LC_PAPER = de_DE.UTF-8
# environment
LC_IDENTIFICATION = de_DE.UTF-8
# command line
OMP = 1
# environment
QT_ACCESSIBILITY = 1
# 'override' directive
.SHELLSTATUS := 0
# default
MAKEFILES := 
# environment
SNAP_COOKIE = IJVgEBfHyjdm6nDVmoEEJcwJ08ulgTeAWjm7B7nLGwc9NIv2SK-R
# environment
LC_NUMERIC = de_DE.UTF-8
# automatic
<F = $(notdir $<)
# environment
ELECTRON_RUN_AS_NODE = 1
# environment
LC_MEASUREMENT = de_DE.UTF-8
# environment
SNAP_NAME = code
 
# makefile (from 'makefile', line 3)
BIN_DIR = bin_$(OS)
# environment
LC_ALL = C
# environment
GJS_DEBUG_TOPICS = JS ERROR;JS LOG
# automatic
^F = $(notdir $^)
# makefile (from 'makefile', line 32)
SRC_FILES = $(patsubst $(SRC_DIR)/%.cpp,%,$(shell find $(SRC_DIR)/ -name '*.cpp' -type f)) $(patsubst $(SRC_DIR)/%.c,%,$(shell find $(SRC_DIR)/ -name '*.c' -type f))
# default
SUFFIXES := 
# environment
SNAP_REEXEC = 
# environment
CHROME_DESKTOP = code-url-handler.desktop
# makefile (from 'makefile', line 7)
INCPATH = -Isrc -I/usr/include/opencv4/opencv -I/usr/include/opencv4
# environment
WINDOWPATH = 2
# default
.INCLUDE_DIRS = /usr/include /usr/local/include /usr/include
# environment
GJS_DEBUG_OUTPUT = stderr
# default
.RECIPEPREFIX := 
# environment
LC_ADDRESS = de_DE.UTF-8
# environment
LANG = C
# environment
VSCODE_PID = 38008
# variable set hash-table stats:
# Load=149/1024=15%, Rehash=0, Collisions=44/240=18%

# Pattern-specific Variable Values

# No pattern-specific variable values.

# Directories

# . (device 66307, inode 46665803): 20 files, no impossibilities.
# src (device 66307, inode 46792760): 2 files, no impossibilities so far.

# 22 files, no impossibilities in 2 directories.

# Implicit Rules

obj_Linux/%.o: src/%.cpp
#  recipe to execute (from 'makefile', line 50):
	@echo "===== Compile $< ====="
	@mkdir -p $(@D)
	$(CXX) $(CXXFLAGS) $(CXXOPT) $(INCPATH) -c $< -o $@

obj_Linux/%.o: src/%.c
#  recipe to execute (from 'makefile', line 55):
	@echo "===== Compile $< ====="
	@mkdir -p $(@D)
	$(CXX) $(CXXFLAGS) $(CXXOPT) $(INCPATH) -c $< -o $@

# 2 implicit rules, 0 (0.0%) terminal.

# Files

obj_Linux/film_grain_rendering.o: src/film_grain_rendering.cpp
#  Implicit rule search has been done.
#  Implicit/static pattern stem: 'film_grain_rendering'
#  Last modified 2021-09-13 21:52:35.403883059
#  File has been updated.
#  Needs to be updated (-q is set).
# automatic
# @ := obj_Linux/film_grain_rendering.o
# automatic
# % := 
# automatic
# * := film_grain_rendering
# automatic
# + := src/film_grain_rendering.cpp
# automatic
# | := 
# automatic
# < := src/film_grain_rendering.cpp
# automatic
# ^ := src/film_grain_rendering.cpp
# automatic
# ? := src/film_grain_rendering.cpp
# variable set hash-table stats:
# Load=8/32=25%, Rehash=0, Collisions=3/20=15%
#  recipe to execute (from 'makefile', line 50):
	@echo "===== Compile $< ====="
	@mkdir -p $(@D)
	$(CXX) $(CXXFLAGS) $(CXXOPT) $(INCPATH) -c $< -o $@

all: bin_Linux/film_grain_rendering_main
#  Phony target (prerequisite of .PHONY).
#  Command line target.
#  Implicit rule search has not been done.
#  File does not exist.
#  File has been updated.
#  Needs to be updated (-q is set).
# variable set hash-table stats:
# Load=0/32=0%, Rehash=0, Collisions=0/8=0%

.PHONY: all clean
#  Implicit rule search has not been done.
#  Modification time never checked.
#  File has not been updated.

# Not a target:
makefile:
#  Implicit rule search has been done.
#  Last modified 2021-09-13 21:52:19.8559506
#  File has been updated.
#  Successfully updated.

bin_Linux/film_grain_rendering_main: obj_Linux/film_grain_rendering.o obj_Linux/pseudo_random_number_generator.o obj_Linux/matrix.o obj_Linux/image_io.o obj_Linux/film_grain_rendering_main.o
#  Implicit rule search has not been done.
#  Last modified 2021-09-13 21:52:39.059867173
#  File has been updated.
#  Needs to be updated (-q is set).
# variable set hash-table stats:
# Load=0/32=0%, Rehash=0, Collisions=0/8=0%
#  recipe to execute (from 'makefile', line 45):
	@echo "===== Link $@ ====="
	@mkdir -p $(@D)
	$(CXX) $(CXXFLAGS) $(CXXOPT) -o $@ $^ $(LIBS) $(LDFLAGS)

# Not a target:
obj_Linux/pseudo_random_number_generator.o:
#  Implicit rule search has not been done.
#  Modification time never checked.
#  File has not been updated.

# Not a target:
.DEFAULT:
#  Implicit rule search has not been done.
#  Modification time never checked.
#  File has not been updated.

# Not a target:
obj_Linux/matrix.o:
#  Implicit rule search has not been done.
#  Modification time never checked.
#  File has not been updated.

clean:
#  Phony target (prerequisite of .PHONY).
#  Implicit rule search has not been done.
#  File does not exist.
#  File has not been updated.
#  recipe to execute (from 'makefile', line 60):
	@echo "===== Clean $< ====="
	@rm -rf $(BIN_DIR) $(OBJ_DIR)

# Not a target:
obj_Linux/image_io.o:
#  Implicit rule search has not been done.
#  Modification time never checked.
#  File has not been updated.

# Not a target:
obj_Linux/film_grain_rendering_main.o:
#  Implicit rule search has not been done.
#  Modification time never checked.
#  File has not been updated.

# Not a target:
src/film_grain_rendering.cpp:
#  Implicit rule search has been done.
#  Last modified 2021-09-16 23:08:02.379997776
#  File has been updated.
#  Successfully updated.

# files hash-table stats:
# Load=13/1024=1%, Rehash=0, Collisions=0/37=0%
# VPATH Search Paths

# No 'vpath' search paths.

# No general ('VPATH' variable) search path.

# strcache buffers: 1 (0) / strings = 40 / storage = 624 B / avg = 15 B
# current buf: size = 8162 B / used = 624 B / count = 40 / avg = 15 B

# strcache performance: lookups = 55 / hit rate = 27%
# hash-table stats:
# Load=40/8192=0%, Rehash=0, Collisions=1/55=2%
# Finished Make data base on Thu Sep 16 23:33:05 2021

 
